<?xml version="1.0" encoding="UTF-8" ?>
<testsuite errors="0" failures="0" hostname="Ephin-Huge.local" name="com.flatironschool.javacs.MyLinkedListTest" skipped="0" tests="20" time="0.344" timestamp="2016-03-16T19:17:01">
  <properties>
    <property name="java.vendor" value="Oracle Corporation" />
    <property name="env.rvm_ruby_bits" value="" />
    <property name="sun.java.launcher" value="SUN_STANDARD" />
    <property name="env.XPC_SERVICE_NAME" value="0" />
    <property name="sun.management.compiler" value="HotSpot 64-Bit Tiered Compilers" />
    <property name="env.SECURITYSESSIONID" value="186a8" />
    <property name="env._system_arch" value="x86_64" />
    <property name="env.rvm_silent_flag" value="" />
    <property name="env.GEM_HOME" value="/Users/joe/.rvm/gems/ruby-2.2.3" />
    <property name="os.name" value="Mac OS X" />
    <property name="env.rvm_gemstone_package_file" value="" />
    <property name="env.rvm_quiet_flag" value="" />
    <property name="sun.boot.class.path" value="/Library/Java/JavaVirtualMachines/jdk1.7.0_67.jdk/Contents/Home/jre/lib/resources.jar:/Library/Java/JavaVirtualMachines/jdk1.7.0_67.jdk/Contents/Home/jre/lib/rt.jar:/Library/Java/JavaVirtualMachines/jdk1.7.0_67.jdk/Contents/Home/jre/lib/sunrsasign.jar:/Library/Java/JavaVirtualMachines/jdk1.7.0_67.jdk/Contents/Home/jre/lib/jsse.jar:/Library/Java/JavaVirtualMachines/jdk1.7.0_67.jdk/Contents/Home/jre/lib/jce.jar:/Library/Java/JavaVirtualMachines/jdk1.7.0_67.jdk/Contents/Home/jre/lib/charsets.jar:/Library/Java/JavaVirtualMachines/jdk1.7.0_67.jdk/Contents/Home/jre/lib/jfr.jar:/Library/Java/JavaVirtualMachines/jdk1.7.0_67.jdk/Contents/Home/jre/classes" />
    <property name="env.TMPDIR" value="/var/folders/g3/5q250j7n5zgd6bhdttgl4c280000gn/T/" />
    <property name="env.PWD" value="/Users/joe/tmp/cs-implementing-a-linkedlist-lab-codeU" />
    <property name="env.rvm_ruby_make" value="" />
    <property name="env.rvm_ruby_make_install" value="" />
    <property name="env.rvm_proxy" value="" />
    <property name="env.LANG" value="en_US.UTF-8" />
    <property name="java.vm.specification.vendor" value="Oracle Corporation" />
    <property name="ant.home" value="/usr/local/Cellar/ant/1.9.6/libexec" />
    <property name="java.runtime.version" value="1.7.0_67-b01" />
    <property name="env.MY_RUBY_HOME" value="/Users/joe/.rvm/rubies/ruby-2.2.3" />
    <property name="env.GOPATH" value="/Users/joe/golang" />
    <property name="env.Apple_PubSub_Socket_Render" value="/private/tmp/com.apple.launchd.ydF0Bg5tUE/Render" />
    <property name="env.rvm_version" value="1.26.11 (master)" />
    <property name="env.JAVA_MAIN_CLASS_23198" value="org.apache.tools.ant.launch.Launcher" />
    <property name="user.name" value="joe" />
    <property name="env.USER" value="joe" />
    <property name="env.SHELL" value="/bin/zsh" />
    <property name="env.__CF_USER_TEXT_ENCODING" value="0x1F5:0:0" />
    <property name="env._system_type" value="Darwin" />
    <property name="env.PATH" value="/usr/local/heroku/bin:/Users/joe/.rvm/gems/ruby-2.2.3/bin:/Users/joe/.rvm/gems/ruby-2.2.3@global/bin:/Users/joe/.rvm/rubies/ruby-2.2.3/bin:/usr/local/bin:/usr/bin:/bin:/usr/sbin:/sbin:/Users/joe/.rvm/bin:/Users/joe/.rvm/bin:/Users/joe/Downloads/flatiron-xcpretty-1.0.0-osx:/Users/joe/bin:/Users/joe/golang/bin:/usr/local/opt/go/libexec/bin" />
    <property name="user.language" value="en" />
    <property name="env.rvm_prefix" value="/Users/joe" />
    <property name="sun.boot.library.path" value="/Library/Java/JavaVirtualMachines/jdk1.7.0_67.jdk/Contents/Home/jre/lib" />
    <property name="env.rvm_docs_type" value="" />
    <property name="ant.project.default-target" value="build" />
    <property name="env.XPC_FLAGS" value="0x0" />
    <property name="ant.project.name" value="JavaCS" />
    <property name="env.rvm_path" value="/Users/joe/.rvm" />
    <property name="env.RUBY_VERSION" value="ruby-2.2.3" />
    <property name="java.version" value="1.7.0_67" />
    <property name="user.timezone" value="" />
    <property name="sun.arch.data.model" value="64" />
    <property name="env._system_name" value="OSX" />
    <property name="http.nonProxyHosts" value="local|*.local|169.254/16|*.169.254/16" />
    <property name="java.endorsed.dirs" value="/Library/Java/JavaVirtualMachines/jdk1.7.0_67.jdk/Contents/Home/jre/lib/endorsed" />
    <property name="sun.cpu.isalist" value="" />
    <property name="sun.jnu.encoding" value="UTF-8" />
    <property name="env.ITERM_SESSION_ID" value="w0t1p0" />
    <property name="env.rvm_bin_path" value="/Users/joe/.rvm/bin" />
    <property name="file.encoding.pkg" value="sun.io" />
    <property name="env.SHLVL" value="3" />
    <property name="env.rvm_alias_expanded" value="" />
    <property name="file.separator" value="/" />
    <property name="env._system_version" value="10.11" />
    <property name="java.specification.name" value="Java Platform API Specification" />
    <property name="java.class.version" value="51.0" />
    <property name="user.country" value="US" />
    <property name="ant.file.JavaCS" value="/Users/joe/tmp/cs-implementing-a-linkedlist-lab-codeU/javacs-lab03/build.xml" />
    <property name="env.rvm_sdk" value="" />
    <property name="java.home" value="/Library/Java/JavaVirtualMachines/jdk1.7.0_67.jdk/Contents/Home/jre" />
    <property name="java.vm.info" value="mixed mode" />
    <property name="env.LOGNAME" value="joe" />
    <property name="env.PYTHONSTARTUP" value="/Users/joe/.pythonrc.py" />
    <property name="ant.file" value="/Users/joe/tmp/cs-implementing-a-linkedlist-lab-codeU/javacs-lab03/build.xml" />
    <property name="os.version" value="10.11.3" />
    <property name="env.rvm_hook" value="" />
    <property name="env.rvm_use_flag" value="" />
    <property name="env.rvm_only_path_flag" value="" />
    <property name="env._ORIGINAL_GEM_PATH" value="/Users/joe/.rvm/gems/ruby-2.2.3:/Users/joe/.rvm/gems/ruby-2.2.3@global" />
    <property name="path.separator" value=":" />
    <property name="java.vm.version" value="24.65-b04" />
    <property name="ant.library.dir" value="/usr/local/Cellar/ant/1.9.6/libexec/lib" />
    <property name="env.rvm_ruby_file" value="" />
    <property name="env.GOROOT" value="/usr/local/opt/go/libexec" />
    <property name="junit.output.dir" value="junit" />
    <property name="env.IRBRC" value="/Users/joe/.rvm/rubies/ruby-2.2.3/.irbrc" />
    <property name="env.TERM" value="xterm" />
    <property name="java.awt.printerjob" value="sun.lwawt.macosx.CPrinterJob" />
    <property name="sun.io.unicode.encoding" value="UnicodeBig" />
    <property name="awt.toolkit" value="sun.lwawt.macosx.LWCToolkit" />
    <property name="env.rvm_nightly_flag" value="" />
    <property name="socksNonProxyHosts" value="local|*.local|169.254/16|*.169.254/16" />
    <property name="ftp.nonProxyHosts" value="local|*.local|169.254/16|*.169.254/16" />
    <property name="env.GEM_PATH" value="/Users/joe/.rvm/gems/ruby-2.2.3:/Users/joe/.rvm/gems/ruby-2.2.3@global" />
    <property name="user.home" value="/Users/joe" />
    <property name="target" value="1.6" />
    <property name="java.specification.vendor" value="Oracle Corporation" />
    <property name="env.TERM_PROGRAM" value="iTerm.app" />
    <property name="java.library.path" value="/Users/joe/Library/Java/Extensions:/Library/Java/Extensions:/Network/Library/Java/Extensions:/System/Library/Java/Extensions:/usr/lib/java:." />
    <property name="java.vendor.url" value="http://java.oracle.com/" />
    <property name="java.vm.vendor" value="Oracle Corporation" />
    <property name="gopherProxySet" value="false" />
    <property name="java.runtime.name" value="Java(TM) SE Runtime Environment" />
    <property name="ant.version" value="Apache Ant(TM) version 1.9.6 compiled on June 29 2015" />
    <property name="java.class.path" value="/Users/joe/tmp/cs-implementing-a-linkedlist-lab-codeU/javacs-lab03/bin:/Users/joe/tmp/cs-implementing-a-linkedlist-lab-codeU/javacs-lab03/lib/junit-4.12.jar:/Users/joe/tmp/cs-implementing-a-linkedlist-lab-codeU/javacs-lab03/lib/hamcrest-core-1.3.jar:/usr/local/Cellar/ant/1.9.6/libexec/lib/ant-launcher.jar:/usr/local/Cellar/ant/1.9.6/libexec/lib/ant.jar:/usr/local/Cellar/ant/1.9.6/libexec/lib/ant-junit.jar:/usr/local/Cellar/ant/1.9.6/libexec/lib/ant-junit4.jar" />
    <property name="env.MARKPATH" value="/Users/joe/.marks" />
    <property name="sun.java.command" value="org.apache.tools.ant.taskdefs.optional.junit.JUnitTestRunner com.flatironschool.javacs.MyLinkedListTest skipNonTests=false filtertrace=true haltOnError=false haltOnFailure=false formatter=org.apache.tools.ant.taskdefs.optional.junit.OutErrSummaryJUnitResultFormatter showoutput=false outputtoformatters=true logfailedtests=true threadid=0 logtestlistenerevents=false formatter=org.apache.tools.ant.taskdefs.optional.junit.XMLJUnitResultFormatter,/Users/joe/tmp/cs-implementing-a-linkedlist-lab-codeU/javacs-lab03/junit/TEST-com.flatironschool.javacs.MyLinkedListTest.xml formatter=org.apache.tools.ant.taskdefs.optional.junit.PlainJUnitResultFormatter crashfile=/Users/joe/tmp/cs-implementing-a-linkedlist-lab-codeU/javacs-lab03/junitvmwatcher8013424641654497190.properties propsfile=/Users/joe/tmp/cs-implementing-a-linkedlist-lab-codeU/javacs-lab03/junit6929852547279579251.properties" />
    <property name="ant.file.type.JavaCS" value="file" />
    <property name="java.vm.specification.name" value="Java Virtual Machine Specification" />
    <property name="ant.file.type" value="file" />
    <property name="java.vm.specification.version" value="1.7" />
    <property name="sun.os.patch.level" value="unknown" />
    <property name="sun.cpu.endian" value="little" />
    <property name="debuglevel" value="source,lines,vars" />
    <property name="env.HOME" value="/Users/joe" />
    <property name="java.io.tmpdir" value="/var/folders/g3/5q250j7n5zgd6bhdttgl4c280000gn/T/" />
    <property name="java.vendor.url.bug" value="http://bugreport.sun.com/bugreport/" />
    <property name="env.SSH_AUTH_SOCK" value="/private/tmp/com.apple.launchd.YOz1iNj27w/Listeners" />
    <property name="env.rvm_script_name" value="" />
    <property name="env.rvm_ruby_mode" value="" />
    <property name="env.rvm_wrapper_name" value="" />
    <property name="java.awt.graphicsenv" value="sun.awt.CGraphicsEnvironment" />
    <property name="os.arch" value="x86_64" />
    <property name="java.ext.dirs" value="/Users/joe/Library/Java/Extensions:/Library/Java/JavaVirtualMachines/jdk1.7.0_67.jdk/Contents/Home/jre/lib/ext:/Library/Java/Extensions:/Network/Library/Java/Extensions:/System/Library/Java/Extensions:/usr/lib/java" />
    <property name="env.rvm_bin_flag" value="" />
    <property name="user.dir" value="/Users/joe/tmp/cs-implementing-a-linkedlist-lab-codeU" />
    <property name="line.separator" value="&#xa;" />
    <property name="java.vm.name" value="Java HotSpot(TM) 64-Bit Server VM" />
    <property name="basedir" value="/Users/joe/tmp/cs-implementing-a-linkedlist-lab-codeU/javacs-lab03" />
    <property name="env.ITERM_PROFILE" value="Presentation" />
    <property name="ant.java.version" value="1.7" />
    <property name="ant.core.lib" value="/usr/local/Cellar/ant/1.9.6/libexec/lib/ant.jar" />
    <property name="source" value="1.6" />
    <property name="file.encoding" value="UTF-8" />
    <property name="java.specification.version" value="1.7" />
    <property name="env.rvm_niceness" value="" />
    <property name="ant.project.invoked-targets" value="test" />
    <property name="env.rvm_gemstone_url" value="" />
  </properties>
  <testcase classname="com.flatironschool.javacs.MyLinkedListTest" name="testToArray" time="0.031" />
  <testcase classname="com.flatironschool.javacs.MyLinkedListTest" name="testAddIntT" time="0.0" />
  <testcase classname="com.flatironschool.javacs.MyLinkedListTest" name="testGet" time="0.0" />
  <testcase classname="com.flatironschool.javacs.MyLinkedListTest" name="testSet" time="0.0" />
  <testcase classname="com.flatironschool.javacs.MyLinkedListTest" name="testAddAllCollectionOfQextendsT" time="0.001" />
  <testcase classname="com.flatironschool.javacs.MyLinkedListTest" name="testClear" time="0.0" />
  <testcase classname="com.flatironschool.javacs.MyLinkedListTest" name="testAddT" time="0.0" />
  <testcase classname="com.flatironschool.javacs.MyLinkedListTest" name="testSize" time="0.0" />
  <testcase classname="com.flatironschool.javacs.MyLinkedListTest" name="testLastIndexOf" time="0.0" />
  <testcase classname="com.flatironschool.javacs.MyLinkedListTest" name="testMyArrayList" time="0.001" />
  <testcase classname="com.flatironschool.javacs.MyLinkedListTest" name="testContainsAll" time="0.0" />
  <testcase classname="com.flatironschool.javacs.MyLinkedListTest" name="testRemoveObject" time="0.0" />
  <testcase classname="com.flatironschool.javacs.MyLinkedListTest" name="testContains" time="0.001" />
  <testcase classname="com.flatironschool.javacs.MyLinkedListTest" name="testIndexOfNull" time="0.0" />
  <testcase classname="com.flatironschool.javacs.MyLinkedListTest" name="testIndexOf" time="0.0" />
  <testcase classname="com.flatironschool.javacs.MyLinkedListTest" name="testIsEmpty" time="0.006" />
  <testcase classname="com.flatironschool.javacs.MyLinkedListTest" name="testIterator" time="0.001" />
  <testcase classname="com.flatironschool.javacs.MyLinkedListTest" name="testRemoveAll" time="0.0" />
  <testcase classname="com.flatironschool.javacs.MyLinkedListTest" name="testRemoveInt" time="0.003" />
  <testcase classname="com.flatironschool.javacs.MyLinkedListTest" name="testSubList" time="0.001" />
  <system-out><![CDATA[]]></system-out>
  <system-err><![CDATA[]]></system-err>
</testsuite>
